Determining if the function glXGetProcAddress exists failed with the following output:
Change Dir: /cygdrive/c/Users/Daniel/workspace/cgra350/cgra-350-assignment-2/work/cmake-build-debug/CMakeFiles/CMakeTmp

Run Build Command:"/usr/bin/make.exe" "cmTC_352dc/fast"
/usr/bin/make -f CMakeFiles/cmTC_352dc.dir/build.make CMakeFiles/cmTC_352dc.dir/build
make[1]: Entering directory '/cygdrive/c/Users/Daniel/workspace/cgra350/cgra-350-assignment-2/work/cmake-build-debug/CMakeFiles/CMakeTmp'
Building C object CMakeFiles/cmTC_352dc.dir/CheckFunctionExists.c.o
/usr/bin/cc   -w -DCHECK_FUNCTION_EXISTS=glXGetProcAddress   -o CMakeFiles/cmTC_352dc.dir/CheckFunctionExists.c.o   -c /cygdrive/c/Users/Daniel/.CLion2018.1/system/cygwin_cmake/share/cmake-3.10.2/Modules/CheckFunctionExists.c
Linking C executable cmTC_352dc.exe
/cygdrive/c/Users/Daniel/.CLion2018.1/system/cygwin_cmake/bin/cmake.exe -E cmake_link_script CMakeFiles/cmTC_352dc.dir/link.txt --verbose=1
/usr/bin/cc  -w -DCHECK_FUNCTION_EXISTS=glXGetProcAddress  -Wl,--enable-auto-import  CMakeFiles/cmTC_352dc.dir/CheckFunctionExists.c.o  -o cmTC_352dc.exe -Wl,--out-implib,libcmTC_352dc.dll.a -Wl,--major-image-version,0,--minor-image-version,0 /cygdrive/c/MinGW/lib/libopengl32.a 
CMakeFiles/cmTC_352dc.dir/CheckFunctionExists.c.o:CheckFunctionExists.c:(.text+0x15): undefined reference to `glXGetProcAddress'
CMakeFiles/cmTC_352dc.dir/CheckFunctionExists.c.o:CheckFunctionExists.c:(.text+0x15): relocation truncated to fit: R_X86_64_PC32 against undefined symbol `glXGetProcAddress'
collect2: error: ld returned 1 exit status
make[1]: *** [CMakeFiles/cmTC_352dc.dir/build.make:99: cmTC_352dc.exe] Error 1
make[1]: Leaving directory '/cygdrive/c/Users/Daniel/workspace/cgra350/cgra-350-assignment-2/work/cmake-build-debug/CMakeFiles/CMakeTmp'
make: *** [Makefile:126: cmTC_352dc/fast] Error 2


Determining if the function glXGetProcAddressARB exists failed with the following output:
Change Dir: /cygdrive/c/Users/Daniel/workspace/cgra350/cgra-350-assignment-2/work/cmake-build-debug/CMakeFiles/CMakeTmp

Run Build Command:"/usr/bin/make.exe" "cmTC_34573/fast"
/usr/bin/make -f CMakeFiles/cmTC_34573.dir/build.make CMakeFiles/cmTC_34573.dir/build
make[1]: Entering directory '/cygdrive/c/Users/Daniel/workspace/cgra350/cgra-350-assignment-2/work/cmake-build-debug/CMakeFiles/CMakeTmp'
Building C object CMakeFiles/cmTC_34573.dir/CheckFunctionExists.c.o
/usr/bin/cc   -w -DCHECK_FUNCTION_EXISTS=glXGetProcAddressARB   -o CMakeFiles/cmTC_34573.dir/CheckFunctionExists.c.o   -c /cygdrive/c/Users/Daniel/.CLion2018.1/system/cygwin_cmake/share/cmake-3.10.2/Modules/CheckFunctionExists.c
Linking C executable cmTC_34573.exe
/cygdrive/c/Users/Daniel/.CLion2018.1/system/cygwin_cmake/bin/cmake.exe -E cmake_link_script CMakeFiles/cmTC_34573.dir/link.txt --verbose=1
/usr/bin/cc  -w -DCHECK_FUNCTION_EXISTS=glXGetProcAddressARB  -Wl,--enable-auto-import  CMakeFiles/cmTC_34573.dir/CheckFunctionExists.c.o  -o cmTC_34573.exe -Wl,--out-implib,libcmTC_34573.dll.a -Wl,--major-image-version,0,--minor-image-version,0 /cygdrive/c/MinGW/lib/libopengl32.a 
CMakeFiles/cmTC_34573.dir/CheckFunctionExists.c.o:CheckFunctionExists.c:(.text+0x15): undefined reference to `glXGetProcAddressARB'
CMakeFiles/cmTC_34573.dir/CheckFunctionExists.c.o:CheckFunctionExists.c:(.text+0x15): relocation truncated to fit: R_X86_64_PC32 against undefined symbol `glXGetProcAddressARB'
collect2: error: ld returned 1 exit status
make[1]: *** [CMakeFiles/cmTC_34573.dir/build.make:99: cmTC_34573.exe] Error 1
make[1]: Leaving directory '/cygdrive/c/Users/Daniel/workspace/cgra350/cgra-350-assignment-2/work/cmake-build-debug/CMakeFiles/CMakeTmp'
make: *** [Makefile:126: cmTC_34573/fast] Error 2


Determining if the function glXGetProcAddressEXT exists failed with the following output:
Change Dir: /cygdrive/c/Users/Daniel/workspace/cgra350/cgra-350-assignment-2/work/cmake-build-debug/CMakeFiles/CMakeTmp

Run Build Command:"/usr/bin/make.exe" "cmTC_a27bb/fast"
/usr/bin/make -f CMakeFiles/cmTC_a27bb.dir/build.make CMakeFiles/cmTC_a27bb.dir/build
make[1]: Entering directory '/cygdrive/c/Users/Daniel/workspace/cgra350/cgra-350-assignment-2/work/cmake-build-debug/CMakeFiles/CMakeTmp'
Building C object CMakeFiles/cmTC_a27bb.dir/CheckFunctionExists.c.o
/usr/bin/cc   -w -DCHECK_FUNCTION_EXISTS=glXGetProcAddressEXT   -o CMakeFiles/cmTC_a27bb.dir/CheckFunctionExists.c.o   -c /cygdrive/c/Users/Daniel/.CLion2018.1/system/cygwin_cmake/share/cmake-3.10.2/Modules/CheckFunctionExists.c
Linking C executable cmTC_a27bb.exe
/cygdrive/c/Users/Daniel/.CLion2018.1/system/cygwin_cmake/bin/cmake.exe -E cmake_link_script CMakeFiles/cmTC_a27bb.dir/link.txt --verbose=1
/usr/bin/cc  -w -DCHECK_FUNCTION_EXISTS=glXGetProcAddressEXT  -Wl,--enable-auto-import  CMakeFiles/cmTC_a27bb.dir/CheckFunctionExists.c.o  -o cmTC_a27bb.exe -Wl,--out-implib,libcmTC_a27bb.dll.a -Wl,--major-image-version,0,--minor-image-version,0 /cygdrive/c/MinGW/lib/libopengl32.a 
CMakeFiles/cmTC_a27bb.dir/CheckFunctionExists.c.o:CheckFunctionExists.c:(.text+0x15): undefined reference to `glXGetProcAddressEXT'
CMakeFiles/cmTC_a27bb.dir/CheckFunctionExists.c.o:CheckFunctionExists.c:(.text+0x15): relocation truncated to fit: R_X86_64_PC32 against undefined symbol `glXGetProcAddressEXT'
collect2: error: ld returned 1 exit status
make[1]: *** [CMakeFiles/cmTC_a27bb.dir/build.make:99: cmTC_a27bb.exe] Error 1
make[1]: Leaving directory '/cygdrive/c/Users/Daniel/workspace/cgra350/cgra-350-assignment-2/work/cmake-build-debug/CMakeFiles/CMakeTmp'
make: *** [Makefile:126: cmTC_a27bb/fast] Error 2


