Performing C SOURCE FILE Test _GLFW_HAS_64ASLR failed with the following output:
Change Dir: C:/Users/daniel/workspace/cgra350/cgra-350-assignment-2/build/CMakeFiles/CMakeTmp

Run Build Command:"C:/PROGRA~1/mingw64/mingw32/bin/mingw32-make.exe" "cmTC_4dd10/fast"
C:/PROGRA~1/mingw64/mingw32/bin/mingw32-make.exe -f CMakeFiles\cmTC_4dd10.dir\build.make CMakeFiles/cmTC_4dd10.dir/build
mingw32-make.exe[1]: Entering directory 'C:/Users/daniel/workspace/cgra350/cgra-350-assignment-2/build/CMakeFiles/CMakeTmp'
Building C object CMakeFiles/cmTC_4dd10.dir/src.c.obj
C:\PROGRA~1\mingw64\mingw32\bin\gcc.exe   -w -D_GLFW_HAS_64ASLR -Wl,--high-entropy-va   -o CMakeFiles\cmTC_4dd10.dir\src.c.obj   -c C:\Users\daniel\workspace\cgra350\cgra-350-assignment-2\build\CMakeFiles\CMakeTmp\src.c
Linking C executable cmTC_4dd10.exe
C:\cmake-3.12.1-win64-x64\bin\cmake.exe -E cmake_link_script CMakeFiles\cmTC_4dd10.dir\link.txt --verbose=1
C:\cmake-3.12.1-win64-x64\bin\cmake.exe -E remove -f CMakeFiles\cmTC_4dd10.dir/objects.a
C:\PROGRA~1\mingw64\mingw32\bin\ar.exe cr CMakeFiles\cmTC_4dd10.dir/objects.a @CMakeFiles\cmTC_4dd10.dir\objects1.rsp
C:\PROGRA~1\mingw64\mingw32\bin\gcc.exe  -w -D_GLFW_HAS_64ASLR -Wl,--high-entropy-va    -Wl,--whole-archive CMakeFiles\cmTC_4dd10.dir/objects.a -Wl,--no-whole-archive  -o cmTC_4dd10.exe -Wl,--out-implib,libcmTC_4dd10.dll.a -Wl,--major-image-version,0,--minor-image-version,0 @CMakeFiles\cmTC_4dd10.dir\linklibs.rsp
C:/PROGRA~1/mingw64/mingw32/bin/../lib/gcc/i686-w64-mingw32/7.3.0/../../../../i686-w64-mingw32/bin/ld.exe: unrecognized option '--high-entropy-va'
C:/PROGRA~1/mingw64/mingw32/bin/../lib/gcc/i686-w64-mingw32/7.3.0/../../../../i686-w64-mingw32/bin/ld.exe: use the --help option for usage information
collect2.exe: error: ld returned 1 exit status
mingw32-make.exe[1]: *** [CMakeFiles\cmTC_4dd10.dir\build.make:88: cmTC_4dd10.exe] Error 1
mingw32-make.exe[1]: Leaving directory 'C:/Users/daniel/workspace/cgra350/cgra-350-assignment-2/build/CMakeFiles/CMakeTmp'
mingw32-make.exe: *** [Makefile:120: cmTC_4dd10/fast] Error 2

Source file was:
int main(void) { return 0; }
